"../../../Engine/Content/Animation/DefaultAnimCurveCompressionSettings.uasset" 0
"../../../Engine/Content/ArtTools/RenderToTexture/Blueprints/RenderToTexture_Game.uasset" 1
"../../../Engine/Content/EditorBlueprintResources/StandardMacros.uasset" 2
"../../../Engine/Content/ArtTools/RenderToTexture/Enums/EFloatTypes.uasset" 3
"../../../Engine/Content/ArtTools/RenderToTexture/Enums/EIntTypes.uasset" 4
"../../../Engine/Content/ArtTools/RenderToTexture/Macros/RenderToTextureMacros.uasset" 5
"../../../Engine/Content/ArtTools/RenderToTexture/Blueprints/TilingMesh.uasset" 6
"../../../Engine/Content/ArtTools/RenderToTexture/Materials/M_BackgroundCard_01.uasset" 7
"../../../Engine/Content/ArtTools/RenderToTexture/Materials/M_RadiusDebugTranslucent.uasset" 8
"../../../Engine/Content/Functions/Engine_MaterialFunctions02/Utility/BreakOutFloat3Components.uasset" 9
"../../../Engine/Content/ArtTools/RenderToTexture/MaterialFunctions/MarkRedOutside0-1Range.uasset" 10
"../../../Engine/Content/Functions/Engine_MaterialFunctions02/SafeNormalize.uasset" 11
"../../../Engine/Content/Functions/Engine_MaterialFunctions02/Math/CreateThirdOrthogonalVector.uasset" 12
"../../../Engine/Content/Functions/Engine_MaterialFunctions02/Math/InverseTransformMatrix.uasset" 13
"../../../Engine/Content/Functions/Engine_MaterialFunctions02/Math/TransformToZVector.uasset" 14
"../../../Engine/Content/ArtTools/RenderToTexture/Materials/MPC_R2T.uasset" 15
"../../../Engine/Content/ArtTools/RenderToTexture/Textures/127grey.uasset" 16
"../../../Engine/Content/ArtTools/RenderToTexture/Materials/M_RenderCustomHeightmap_01.uasset" 17
"../../../Engine/Content/Functions/Engine_MaterialFunctions02/Utility/VectorLength.uasset" 18
"../../../Engine/Content/Functions/Engine_MaterialFunctions02/WorldPositionOffset/ObjectScale.uasset" 19
"../../../Engine/Content/ArtTools/RenderToTexture/MaterialFunctions/BoundingSphere_LightTransform.uasset" 20
"../../../Engine/Content/EngineVolumetrics/Fogsheet/Materials/T_EV_BlankWhite_01.uasset" 21
"../../../Engine/Content/ArtTools/RenderToTexture/Materials/M_RenderNormalizedDepth_01.uasset" 22
"../../../Engine/Content/ArtTools/RenderToTexture/Textures/TilingTexturePreview.uasset" 23
"../../../Engine/Content/ArtTools/RenderToTexture/Materials/M_TilingPreviewMat_01.uasset" 24
"../../../Engine/Content/EngineFonts/RobotoDistanceField.uasset" 25
"../../../Engine/Content/ArtTools/RenderToTexture/Materials/M_UnlitText_01.uasset" 26
"../../../Engine/Content/ArtTools/RenderToTexture/Materials/Debug/M_Emissive_Color.uasset" 27
"../../../Engine/Content/ArtTools/RenderToTexture/Materials/Debug/M_Emissive_Color_127-127-0.uasset" 28
"../../../Engine/Content/Functions/Engine_MaterialFunctions01/Texturing/ComputeMipLevel.uasset" 29
"../../../Engine/Content/EngineMaterials/DefaultDiffuse.uasset" 30
"../../../Engine/Content/Functions/Engine_MaterialFunctions01/Texturing/TextureCropping.uasset" 31
"../../../Engine/Content/Functions/Engine_MaterialFunctions02/Math/TimeWithSpeedVariable.uasset" 32
"../../../Engine/Content/Functions/Engine_MaterialFunctions02/ExampleContent/Textures/flipbook.uasset" 33
"../../../Engine/Content/Functions/Engine_MaterialFunctions02/Texturing/FlipBook_MotionVectors.uasset" 34
"../../../Engine/Content/Functions/Engine_MaterialFunctions02/ExampleContent/DebugNumberStrip.uasset" 35
"../../../Engine/Content/Functions/Engine_MaterialFunctions02/ExampleContent/Textures/DebugNumberPeriod.uasset" 36
"../../../Engine/Content/Functions/Engine_MaterialFunctions02/Utility/DebugScalarValues.uasset" 37
"../../../Engine/Content/ArtTools/RenderToTexture/Materials/Flipbooks/M_FlipbookPreview_01.uasset" 38
"../../../Engine/Content/ArtTools/RenderToTexture/Materials/Flipbooks/M_FlipbookPreview_01_Inst.uasset" 39
"../../../Engine/Content/ArtTools/RenderToTexture/Textures/FlipbookMotionVectors/Position1.uasset" 40
"../../../Engine/Content/ArtTools/RenderToTexture/MaterialFunctions/DiffMotionVectors.uasset" 41
"../../../Engine/Content/ArtTools/RenderToTexture/MaterialFunctions/FlipbookWind.uasset" 42
"../../../Engine/Content/ArtTools/RenderToTexture/MaterialFunctions/OrthoFOV.uasset" 43
"../../../Engine/Content/Functions/Engine_MaterialFunctions02/Utility/BreakOutFloat2Components.uasset" 44
"../../../Engine/Content/Functions/Engine_MaterialFunctions01/Texturing/ScaleUVsByCenter.uasset" 45
"../../../Engine/Content/Functions/Engine_MaterialFunctions02/Utility/Sign.uasset" 46
"../../../Engine/Content/Functions/Engine_MaterialFunctions02/Utility/Round.uasset" 47
"../../../Engine/Content/Functions/Engine_MaterialFunctions02/Texturing/FlipBook_UniformNonUniform.uasset" 48
"../../../Engine/Content/ArtTools/RenderToTexture/Materials/Flipbooks/M_RenderMotionVectors.uasset" 49
"../../../Engine/Content/ArtTools/RenderToTexture/Materials/Flipbooks/M_RenderMotionVectors_Inst.uasset" 50
"../../../Engine/Content/ArtTools/RenderToTexture/Materials/Flipbooks/M_RenderMotionVectors_Applied.uasset" 51
"../../../Engine/Content/ArtTools/RenderToTexture/Materials/Flipbooks/M_RenderMotionVectors_Applied_Imposter.uasset" 52
"../../../Engine/Content/Functions/Engine_MaterialFunctions02/Utility/VectorToRadialValue.uasset" 53
"../../../Engine/Content/ArtTools/RenderToTexture/MaterialFunctions/FoliageZRotation.uasset" 54
"../../../Engine/Content/Functions/Engine_MaterialFunctions02/Math/Pi.uasset" 55
"../../../Engine/Content/Functions/Engine_MaterialFunctions02/Math/Transform3x3Matrix.uasset" 56
"../../../Engine/Content/ArtTools/RenderToTexture/MaterialFunctions/Imposter_MotionVectors.uasset" 57
"../../../Engine/Content/Functions/Engine_MaterialFunctions02/Texturing/FlipBook.uasset" 58
"../../../Engine/Content/ArtTools/RenderToTexture/MaterialFunctions/ImposterUVs.uasset" 59
"../../../Engine/Content/Functions/Engine_MaterialFunctions01/WorldPositionOffset/FoliageScaleFactor.uasset" 60
"../../../Engine/Content/EngineMaterials/FlatNormal.uasset" 61
"../../../Engine/Content/ArtTools/RenderToTexture/Materials/Imposters/M_ImposterTest_01.uasset" 62
"../../../Engine/Content/ArtTools/RenderToTexture/Materials/Imposters/M_ImposterTest_01_Inst.uasset" 63
"../../../Engine/Content/ArtTools/RenderToTexture/Materials/Imposters/M_ImposterTest_01_Inst_SingleAxis.uasset" 64
"../../../Engine/Content/ArtTools/RenderToTexture/Materials/M_RenderNormalizedDepth_01_Inst.uasset" 65
"../../../Engine/Content/ArtTools/RenderToTexture/Blueprints/PhysMesh.uasset" 66
"../../../Engine/Content/ArtTools/RenderToTexture/Enums/RenderToTexture_Enum.uasset" 67
"../../../Engine/Content/ArtTools/RenderToTexture/Enums/RenderToTexture_Imposter_Enum.uasset" 68
"../../../Engine/Content/Functions/Engine_MaterialFunctions01/Opacity/CameraDepthFade.uasset" 69
"../../../Engine/Content/EngineMaterials/T_Default_Material_Grid_M.uasset" 70
"../../../Engine/Content/EngineMaterials/T_Default_Material_Grid_N.uasset" 71
"../../../Engine/Content/EngineMaterials/WorldGridMaterial.uasset" 72
"../../../Engine/Content/ArtTools/RenderToTexture/Meshes/S_1_Unit_Plane.uasset" 73
"../../../Engine/Content/ArtTools/RenderToTexture/Meshes/S_1_Unit_Sphere.uasset" 74
"../../../Engine/Content/ArtTools/RenderToTexture/Textures/T_EV_BlankWhite_01.uasset" 75
"../../../Engine/Content/EditorMeshes/EditorCube.uasset" 76
"../../../Engine/Content/ArtTools/RenderToTexture/Blueprints/RenderToTexture_LevelBP.uasset" 77
"../../../Engine/Content/ArtTools/RenderToTexture/Blueprints/RenderToTexture_Pawn.uasset" 78
"../../../Engine/Content/ArtTools/RenderToTexture/Enums/RenderToTexture_Flipbook_Enum.uasset" 79
"../../../Engine/Content/ArtTools/RenderToTexture/Macros/RenderToTextureFunctionLibrary.uasset" 80
"../../../Engine/Content/BasicShapes/BasicShapeMaterial.uasset" 81
"../../../Engine/Content/EngineMaterials/DefaultMaterial.uasset" 82
"../../../Engine/Content/BasicShapes/Cone.uasset" 83
"../../../Engine/Content/BasicShapes/Cube.uasset" 84
"../../../Engine/Content/BasicShapes/Cylinder.uasset" 85
"../../../Engine/Content/BasicShapes/Plane.uasset" 86
"../../../Engine/Content/BasicShapes/Sphere.uasset" 87
"../../../Engine/Content/EngineMaterials/DefaultPhysicalMaterial.uasset" 88
"../../../Engine/Content/BufferVisualization/AmbientOcclusion.uasset" 89
"../../../Engine/Content/BufferVisualization/BaseColor.uasset" 90
"../../../Engine/Content/BufferVisualization/CustomDepth.uasset" 91
"../../../Engine/Content/BufferVisualization/CustomDepthWorldUnits.uasset" 92
"../../../Engine/Content/Functions/Engine_MaterialFunctions02/ScreenResolution.uasset" 93
"../../../Engine/Content/Functions/Engine_MaterialFunctions02/Texturing/ScreenAlignedUVs.uasset" 94
"../../../Engine/Content/Functions/Engine_MaterialFunctions02/Utility/MakeFloat2.uasset" 95
"../../../Engine/Content/Functions/Engine_MaterialFunctions02/Utility/MakeFloat3.uasset" 96
"../../../Engine/Content/EngineMaterials/MiniFont.uasset" 97
"../../../Engine/Content/BufferVisualization/CustomStencil.uasset" 98
"../../../Engine/Content/BufferVisualization/FinalImage.uasset" 99
"../../../Engine/Content/BufferVisualization/LightingModel.uasset" 100
"../../../Engine/Content/BufferVisualization/MaterialAO.uasset" 101
"../../../Engine/Content/BufferVisualization/Metallic.uasset" 102
"../../../Engine/Content/BufferVisualization/Opacity.uasset" 103
"../../../Engine/Content/BufferVisualization/PostTonemapHDRColor.uasset" 104
"../../../Engine/Content/BufferVisualization/PreTonemapHDRColor.uasset" 105
"../../../Engine/Content/BufferVisualization/Roughness.uasset" 106
"../../../Engine/Content/BufferVisualization/SceneColor.uasset" 107
"../../../Engine/Content/BufferVisualization/SceneDepth.uasset" 108
"../../../Engine/Content/BufferVisualization/SceneDepthWorldUnits.uasset" 109
"../../../Engine/Content/BufferVisualization/SeparateTranslucencyA.uasset" 110
"../../../Engine/Content/BufferVisualization/SeparateTranslucencyRGB.uasset" 111
"../../../Engine/Content/BufferVisualization/Specular.uasset" 112
"../../../Engine/Content/BufferVisualization/SubsurfaceColor.uasset" 113
"../../../Engine/Content/BufferVisualization/Velocity.uasset" 114
"../../../Engine/Content/BufferVisualization/WorldNormal.uasset" 115
"../../../Engine/Content/EditorLandscapeResources/DefaultAlphaTexture.uasset" 116
"../../../Engine/Content/EditorLandscapeResources/AlphaBrushMaterial.uasset" 117
"../../../Engine/Content/EditorLandscapeResources/AlphaBrushMaterial_Smooth.uasset" 118
"../../../Engine/Content/EditorLandscapeResources/CircleBrushMaterial.uasset" 119
"../../../Engine/Content/EditorLandscapeResources/CircleBrushMaterial_Linear.uasset" 120
"../../../Engine/Content/EditorLandscapeResources/CircleBrushMaterial_Smooth.uasset" 121
"../../../Engine/Content/EditorLandscapeResources/CircleBrushMaterial_Spherical.uasset" 122
"../../../Engine/Content/EditorLandscapeResources/CircleBrushMaterial_Tip.uasset" 123
"../../../Engine/Content/EditorLandscapeResources/ColorMaskBrushMaterial.uasset" 124
"../../../Engine/Content/EditorLandscapeResources/ColorMaskBrushMaterial_MaskedRegion.uasset" 125
"../../../Engine/Content/EditorLandscapeResources/DataLayer.uasset" 126
"../../../Engine/Content/Functions/Engine_MaterialFunctions01/Gradient/RadialGradient.uasset" 127
"../../../Engine/Content/EditorLandscapeResources/FlattenHeightMat.uasset" 128
"../../../Engine/Content/EditorLandscapeResources/FlattenPlaneMesh.uasset" 129
"../../../Engine/Content/Functions/Engine_MaterialFunctions01/ImageAdjustment/BlurSampleOffsets.uasset" 130
"../../../Engine/Content/Functions/Engine_MaterialFunctions02/SampleSceneDepth.uasset" 131
"../../../Engine/Content/Functions/Engine_MaterialFunctions02/Texturing/WorldPositionWithScale.uasset" 132
"../../../Engine/Content/Functions/Engine_MaterialFunctions02/Utility/CameraDirectionVector.uasset" 133
"../../../Engine/Content/Functions/Engine_MaterialFunctions02/Utility/LinearSine.uasset" 134
"../../../Engine/Content/Functions/Engine_MaterialFunctions02/UVs/WorldPositionBehindTranslucency.uasset" 135
"../../../Engine/Content/EditorLandscapeResources/FoliageBrushSphereMaterial.uasset" 136
"../../../Engine/Content/EditorLandscapeResources/LandscapeGizmoHeight_Mat.uasset" 137
"../../../Engine/Content/EditorLandscapeResources/LandscapeGizmo_Mat.uasset" 138
"../../../Engine/Content/EditorLandscapeResources/LandscapeGizmo_Mat_Copied.uasset" 139
"../../../Engine/Content/Functions/Engine_MaterialFunctions01/Debug/DebugIntValues.uasset" 140
"../../../Engine/Content/Functions/Engine_MaterialFunctions02/WorldPositionOffset/LocalPosition.uasset" 141
"../../../Engine/Content/EditorLandscapeResources/LandscapeLayerUsageMaterial.uasset" 142
"../../../Engine/Content/EditorLandscapeResources/LandscapeThumbnailHeightmap.uasset" 143
"../../../Engine/Content/EditorLandscapeResources/LandscapeThumbnailWeightmap.uasset" 144
"../../../Engine/Content/EditorLandscapeResources/WhiteSquareTexture.uasset" 145
"../../../Engine/Content/EditorLandscapeResources/LayerVisMaterial.uasset" 146
"../../../Engine/Content/EditorLandscapeResources/MaskBrushMaterial.uasset" 147
"../../../Engine/Content/EditorLandscapeResources/MaskBrushMaterial_Gizmo.uasset" 148
"../../../Engine/Content/EditorLandscapeResources/MaskBrushMaterial_MaskedRegion.uasset" 149
"../../../Engine/Content/EditorLandscapeResources/MirrorPlaneMaterial.uasset" 150
"../../../Engine/Content/EditorLandscapeResources/PatternBrushMaterial_Smooth.uasset" 151
"../../../Engine/Content/EditorLandscapeResources/SelectBrushMaterial.uasset" 152
"../../../Engine/Content/EditorLandscapeResources/SelectBrushMaterial_Selected.uasset" 153
"../../../Engine/Content/EditorLandscapeResources/SelectBrushMaterial_SelectedRegion.uasset" 154
"../../../Engine/Content/EditorLandscapeResources/SplineEditorMeshMat.uasset" 155
"../../../Engine/Content/EditorLandscapeResources/SplineEditorMesh.uasset" 156
"../../../Engine/Content/EditorMaterials/Cross.uasset" 157
"../../../Engine/Content/EditorMaterials/Cross_Mat.uasset" 158
"../../../Engine/Content/EditorMaterials/GizmoMaterial.uasset" 159
"../../../Engine/Content/EditorResources/T_EditorHelp.uasset" 160
"../../../Engine/Content/EditorMaterials/HelpActorMaterial.uasset" 161
"../../../Engine/Content/EditorMaterials/CompositeARGBLayer.uasset" 162
"../../../Engine/Content/EditorMaterials/TilingAALineIntegral.uasset" 163
"../../../Engine/Content/EditorMaterials/TilingAALineBoxFiltered.uasset" 164
"../../../Engine/Content/Functions/Engine_MaterialFunctions03/Procedurals/ComputeFilterWidth.uasset" 165
"../../../Engine/Content/EditorMaterials/TilingAADots.uasset" 166
"../../../Engine/Content/EngineMaterials/BlendFunc_DefBase.uasset" 167
"../../../Engine/Content/EngineMaterials/BlendFunc_DefBlend.uasset" 168
"../../../Engine/Content/Functions/Engine_MaterialFunctions03/Blends/Blend_Screen.uasset" 169
"../../../Engine/Content/EditorMaterials/TilingAAGrid.uasset" 170
"../../../Engine/Content/EditorMaterials/LevelGridMaterial.uasset" 171
"../../../Engine/Content/EditorMaterials/MakeCompositeARGBLayer.uasset" 172
"../../../Engine/Content/EditorResources/LevelGrid1DStripes.uasset" 173
"../../../Engine/Content/EditorMaterials/TextureGridCascaded1D.uasset" 174
"../../../Engine/Content/EditorMaterials/TextureGridCascaded2D.uasset" 175
"../../../Engine/Content/EditorMaterials/LevelGridMaterial2.uasset" 176
"../../../Engine/Content/EditorMaterials/MAT_Groups_Toggle.uasset" 177
"../../../Engine/Content/EditorMaterials/MAT_Groups_Visibility.uasset" 178
"../../../Engine/Content/EditorMaterials/AntialiasedGridFloor.uasset" 179
"../../../Engine/Content/EditorResources/TilePatine_D.uasset" 180
"../../../Engine/Content/EditorResources/TilePatine_N.uasset" 181
"../../../Engine/Content/EngineMaterials/Grid.uasset" 182
"../../../Engine/Content/EditorMaterials/PersonaFloorMat.uasset" 183
"../../../Engine/Content/EditorMaterials/PhAT_BoneSelectedMaterial.uasset" 184
"../../../Engine/Content/EditorMaterials/PhAT_ElemSelectedMaterial.uasset" 185
"../../../Engine/Content/EditorMaterials/PhAT_NoCollisionMaterial.uasset" 186
"../../../Engine/Content/EditorMaterials/PhAT_UnselectedMaterial.uasset" 187
"../../../Engine/Content/EditorMaterials/PreviewShadowIndicator.uasset" 188
"../../../Engine/Content/EditorMaterials/PreviewShadowIndicatorMaterial.uasset" 189
"../../../Engine/Content/EditorMaterials/TargetIcon.uasset" 190
"../../../Engine/Content/EditorMaterials/Tick.uasset" 191
"../../../Engine/Content/EditorMaterials/Tick_Mat.uasset" 192
"../../../Engine/Content/EditorMaterials/WidgetGridVertexColorMaterial.uasset" 193
"../../../Engine/Content/EditorMaterials/WidgetGridVertexColorMaterial_Ma.uasset" 194
"../../../Engine/Content/EditorMaterials/WidgetMaterial.uasset" 195
"../../../Engine/Content/EditorMaterials/WidgetMaterial_Current.uasset" 196
"../../../Engine/Content/EditorMaterials/WidgetMaterial_X.uasset" 197
"../../../Engine/Content/EditorMaterials/WidgetMaterial_Y.uasset" 198
"../../../Engine/Content/EditorMaterials/WidgetMaterial_Z.uasset" 199
"../../../Engine/Content/EditorMaterials/WidgetVertexColorMaterial.uasset" 200
"../../../Engine/Content/EditorMaterials/AssetViewer/EpicQuadPanorama_CC+EV1.uasset" 201
"../../../Engine/Content/MapTemplates/Sky/SunsetAmbientCubemap.uasset" 202
"../../../Engine/Content/EditorMaterials/AssetViewer/M_SkyBox.uasset" 203
"../../../Engine/Content/EditorMaterials/MatineeGroups/MAT_ColorTrack.uasset" 204
"../../../Engine/Content/EditorMaterials/MatineeGroups/MAT_Groups_Anim.uasset" 205
"../../../Engine/Content/EditorMaterials/MatineeGroups/MAT_Groups_AudioMaster.uasset" 206
"../../../Engine/Content/EditorMaterials/MatineeGroups/MAT_Groups_Director.uasset" 207
"../../../Engine/Content/EditorMaterials/MatineeGroups/MAT_Groups_Event.uasset" 208
"../../../Engine/Content/EditorMaterials/MatineeGroups/MAT_Groups_Fade.uasset" 209
"../../../Engine/Content/EditorMaterials/MatineeGroups/MAT_Groups_Float.uasset" 210
"../../../Engine/Content/EditorMaterials/MatineeGroups/MAT_Groups_Move.uasset" 211
"../../../Engine/Content/EditorMaterials/MatineeGroups/MAT_Groups_Slomo.uasset" 212
"../../../Engine/Content/EditorMaterials/MatineeGroups/MAT_Groups_Sound.uasset" 213
"../../../Engine/Content/EditorMaterials/MatineeGroups/MAT_Groups_Vector.uasset" 214
"../../../Engine/Content/EditorMaterials/ParticleSystems/PSysThumbnail_NoImage.uasset" 215
"../../../Engine/Content/EditorMaterials/ParticleSystems/PSysThumbnail_OOD.uasset" 216
"../../../Engine/Content/EditorMaterials/Thumbnails/FloorPlaneMaterial.uasset" 217
"../../../Engine/Content/EditorMeshes/ArcadeEditorSphere.uasset" 218
"../../../Engine/Content/EditorMeshes/EditorCylinder.uasset" 219
"../../../Engine/Content/EditorMeshes/EditorPlane.uasset" 220
"../../../Engine/Content/EditorMaterials/Thumbnails/SkySphereMaterial.uasset" 221
"../../../Engine/Content/EditorMeshes/EditorSkySphere.uasset" 222
"../../../Engine/Content/EditorMeshes/EditorSphere.uasset" 223
"../../../Engine/Content/EditorResources/MatineeCam_D.uasset" 224
"../../../Engine/Content/EditorMaterials/MatineeCam_mat.uasset" 225
"../../../Engine/Content/EditorMeshes/MatineeCam_SM.uasset" 226
"../../../Engine/Content/Functions/Engine_MaterialFunctions01/Shading/ConvertFromDiffSpec.uasset" 227
"../../../Engine/Content/EditorMaterials/GridMaterial.uasset" 228
"../../../Engine/Content/EditorMeshes/PhAT_FloorBox.uasset" 229
"../../../Engine/Content/EditorMeshes/PlanarReflectionPlane.uasset" 230
"../../../Engine/Content/EditorMeshes/AssetViewer/Floor_Mesh.uasset" 231
"../../../Engine/Content/EditorMeshes/AssetViewer/Sphere_inversenormals.uasset" 232
"../../../Engine/Content/EditorMaterials/Camera/CineMat.uasset" 233
"../../../Engine/Content/EditorMaterials/Camera/MI_CineMat_CameraBody.uasset" 234
"../../../Engine/Content/EngineDebugMaterials/M_SimpleOpaque.uasset" 235
"../../../Engine/Content/EditorMaterials/Camera/MI_CineMat_CamViewFinder.uasset" 236
"../../../Engine/Content/EditorMeshes/Camera/SM_CineCam.uasset" 237
"../../../Engine/Content/EditorMaterials/Camera/MI_CineMat_Rig.uasset" 238
"../../../Engine/Content/EditorMeshes/Camera/SM_CraneRig_Arm.uasset" 239
"../../../Engine/Content/EditorMeshes/Camera/SM_CraneRig_Base.uasset" 240
"../../../Engine/Content/EditorMeshes/Camera/SM_CraneRig_Body.uasset" 241
"../../../Engine/Content/EditorMeshes/Camera/SM_CraneRig_Mount.uasset" 242
"../../../Engine/Content/EditorMeshes/Camera/SM_RailRig_Mount.uasset" 243
"../../../Engine/Content/EditorMeshes/Camera/SM_RailRig_Track.uasset" 244
"../../../Engine/Content/EditorMeshes/ColorCalibrator/M_ChromeBall.uasset" 245
"../../../Engine/Content/EditorMeshes/ColorCalibrator/M_ClearCoat.uasset" 246
"../../../Engine/Content/EditorMeshes/ColorCalibrator/M_ClearCoatBlack.uasset" 247
"../../../Engine/Content/EditorMeshes/ColorCalibrator/Color_checker.uasset" 248
"../../../Engine/Content/EditorMeshes/ColorCalibrator/M_ColorGrid.uasset" 249
"../../../Engine/Content/EditorMeshes/ColorCalibrator/M_GreyBall.uasset" 250
"../../../Engine/Content/EditorMeshes/ColorCalibrator/SM_ColorCalibrator.uasset" 251
"../../../Engine/Content/EditorResources/Bad.uasset" 252
"../../../Engine/Content/EditorResources/BSPVertex.uasset" 253
"../../../Engine/Content/EditorResources/EmptyActor.uasset" 254
"../../../Engine/Content/EditorResources/MatInstActSprite.uasset" 255
"../../../Engine/Content/EditorResources/SceneManager.uasset" 256
"../../../Engine/Content/EditorResources/SimplygonLogo.uasset" 257
"../../../Engine/Content/EditorResources/SmallFont.uasset" 258
"../../../Engine/Content/EditorResources/S_Actor.uasset" 259
"../../../Engine/Content/EditorResources/S_DecalActorIcon.uasset" 260
"../../../Engine/Content/EditorResources/S_Emitter.uasset" 261
"../../../Engine/Content/EditorResources/S_ExpoHeightFog.uasset" 262
"../../../Engine/Content/EditorResources/S_FTest.uasset" 263
"../../../Engine/Content/EditorResources/S_KBSJoint.uasset" 264
"../../../Engine/Content/EditorResources/S_KHinge.uasset" 265
"../../../Engine/Content/EditorResources/S_KPrismatic.uasset" 266
"../../../Engine/Content/EditorResources/S_LevelSequence.uasset" 267
"../../../Engine/Content/EditorResources/S_NavP.uasset" 268
"../../../Engine/Content/EditorResources/S_Note.uasset" 269
"../../../Engine/Content/EditorResources/S_Player.uasset" 270
"../../../Engine/Content/EditorResources/S_PortalActorIcon2.uasset" 271
"../../../Engine/Content/EditorResources/S_RadForce.uasset" 272
"../../../Engine/Content/EditorResources/S_ReflActorIcon.uasset" 273
"../../../Engine/Content/EditorResources/S_Solver.uasset" 274
"../../../Engine/Content/EditorResources/S_Terrain.uasset" 275
"../../../Engine/Content/EditorResources/S_TextRenderActorIcon.uasset" 276
"../../../Engine/Content/EditorResources/S_Thruster.uasset" 277
"../../../Engine/Content/EditorResources/S_Trigger.uasset" 278
"../../../Engine/Content/EditorResources/S_VectorFieldVol.uasset" 279
"../../../Engine/Content/EditorResources/S_WindDirectional.uasset" 280
"../../../Engine/Content/EditorResources/AI/S_NavLink.uasset" 281
"../../../Engine/Content/EditorResources/AudioIcons/S_AudioComponent.uasset" 282
"../../../Engine/Content/EditorResources/AudioIcons/S_AudioComponent_AutoActivate.uasset" 283
"../../../Engine/Content/EditorResources/LightIcons/SkyLight.uasset" 284
"../../../Engine/Content/EditorResources/LightIcons/S_LightDirectional.uasset" 285
"../../../Engine/Content/EditorResources/LightIcons/S_LightDirectionalMove.uasset" 286
"../../../Engine/Content/EditorResources/LightIcons/S_LightError.uasset" 287
"../../../Engine/Content/EditorResources/LightIcons/S_LightPoint.uasset" 288
"../../../Engine/Content/EditorResources/LightIcons/S_LightPointMove.uasset" 289
"../../../Engine/Content/EditorResources/LightIcons/S_LightSpot.uasset" 290
"../../../Engine/Content/EditorResources/LightIcons/S_LightSpotMove.uasset" 291
"../../../Engine/Content/EditorResources/SequenceRecorder/Countdown.uasset" 292
"../../../Engine/Content/EditorResources/SequenceRecorder/RecordingIndicator.uasset" 293
"../../../Engine/Content/EditorResources/Spline/T_Loft_Spline.uasset" 294
"../../../Engine/Content/EditorSounds/Notifications/CompileFailed.uasset" 295
"../../../Engine/Content/EditorSounds/Notifications/CompileFailed_Cue.uasset" 296
"../../../Engine/Content/EditorSounds/Notifications/CompileSuccess.uasset" 297
"../../../Engine/Content/EditorSounds/Notifications/CompileStart_Cue.uasset" 298
"../../../Engine/Content/EditorSounds/Notifications/CompileSuccess_Cue.uasset" 299
"../../../Engine/Content/EngineDamageTypes/DmgTypeBP_Environmental.uasset" 300
"../../../Engine/Content/EngineDebugMaterials/HeatmapGradient.uasset" 301
"../../../Engine/Content/EngineDebugMaterials/BoneWeightMaterial.uasset" 302
"../../../Engine/Content/EngineDebugMaterials/ClothMaterial.uasset" 303
"../../../Engine/Content/EngineDebugMaterials/ClothMaterial_WF.uasset" 304
"../../../Engine/Content/EngineDebugMaterials/DebugEditorMaterial.uasset" 305
"../../../Engine/Content/EngineDebugMaterials/DebugMeshMaterial.uasset" 306
"../../../Engine/Content/EngineDebugMaterials/GeomMaterial.uasset" 307
"../../../Engine/Content/EngineDebugMaterials/LevelColorationLitMaterial.uasset" 308
"../../../Engine/Content/EngineDebugMaterials/LevelColorationUnlitMaterial.uasset" 309
"../../../Engine/Content/EngineMaterials/DefaultWhiteGrid.uasset" 310
"../../../Engine/Content/EngineDebugMaterials/MAT_LevelColorationLitLightmapUV.uasset" 311
"../../../Engine/Content/EngineDebugMaterials/M_SimpleTranslucent.uasset" 312
"../../../Engine/Content/EngineDebugMaterials/VolumeToRender.uasset" 313
"../../../Engine/Content/EngineDebugMaterials/M_VolumeRenderSphereTracePP.uasset" 314
"../../../Engine/Content/EngineDebugMaterials/ShadedLevelColorationLitMaterial.uasset" 315
"../../../Engine/Content/EngineDebugMaterials/ShadedLevelColorationUnlitMateri.uasset" 316
"../../../Engine/Content/EngineDebugMaterials/VertexColorMaterial.uasset" 317
"../../../Engine/Content/EngineDebugMaterials/VertexColorViewMode_AlphaAsColor.uasset" 318
"../../../Engine/Content/EngineDebugMaterials/VertexColorViewMode_BlueOnly.uasset" 319
"../../../Engine/Content/EngineDebugMaterials/VertexColorViewMode_ColorOnly.uasset" 320
"../../../Engine/Content/EngineDebugMaterials/VertexColorViewMode_GreenOnly.uasset" 321
"../../../Engine/Content/EngineDebugMaterials/VertexColorViewMode_RedOnly.uasset" 322
"../../../Engine/Content/EngineDebugMaterials/WireframeMaterial.uasset" 323
"../../../Engine/Content/EngineFonts/Faces/RobotoBold.uasset" 324
"../../../Engine/Content/EngineFonts/Faces/RobotoBoldItalic.uasset" 325
"../../../Engine/Content/EngineFonts/Faces/RobotoItalic.uasset" 326
"../../../Engine/Content/EngineFonts/Faces/RobotoLight.uasset" 327
"../../../Engine/Content/EngineFonts/Faces/RobotoRegular.uasset" 328
"../../../Engine/Content/EngineFonts/Roboto.uasset" 329
"../../../Engine/Content/EngineFonts/Faces/RobotoTiny.uasset" 330
"../../../Engine/Content/EngineFonts/RobotoTiny.uasset" 331
"../../../Engine/Content/EngineFonts/SmallFont.uasset" 332
"../../../Engine/Content/EngineFonts/TinyFont.uasset" 333
"../../../Engine/Content/EngineMaterials/AntiAliasedTextMaterialTranslucent.uasset" 334
"../../../Engine/Content/EngineMaterials/BaseFlattenDiffuseMap.uasset" 335
"../../../Engine/Content/EngineMaterials/BaseFlattenEmissiveMap.uasset" 336
"../../../Engine/Content/EngineMaterials/BaseFlattenGrayscaleMap.uasset" 337
"../../../Engine/Content/EngineMaterials/BaseFlattenNormalMap.uasset" 338
"../../../Engine/Content/EngineMaterials/BaseFlattenMaterial.uasset" 339
"../../../Engine/Content/EngineResources/WhiteSquareTexture.uasset" 340
"../../../Engine/Content/EngineMaterials/BlinkingCaret.uasset" 341
"../../../Engine/Content/EngineMaterials/BlueNoise.uasset" 342
"../../../Engine/Content/EngineMaterials/DefaultBloomKernel.uasset" 343
"../../../Engine/Content/EngineMaterials/DefaultBokeh.uasset" 344
"../../../Engine/Content/EngineMaterials/DefaultDeferredDecalMaterial.uasset" 345
"../../../Engine/Content/EngineMaterials/DefaultLightFunctionMaterial.uasset" 346
"../../../Engine/Content/EngineMaterials/DefaultNormal.uasset" 347
"../../../Engine/Content/EngineMaterials/DefaultPostProcessMaterial.uasset" 348
"../../../Engine/Content/EngineMaterials/DefaultTextMaterialOpaque.uasset" 349
"../../../Engine/Content/EngineMaterials/DefaultVirtualTextureMaterial.uasset" 350
"../../../Engine/Content/EngineMaterials/EditorBrushMaterial.uasset" 351
"../../../Engine/Content/EngineMaterials/DefaultWhiteGrid_Low.uasset" 352
"../../../Engine/Content/EngineMaterials/EmissiveMeshMaterial.uasset" 353
"../../../Engine/Content/EngineMaterials/Good64x64TilingNoiseHighFreq.uasset" 354
"../../../Engine/Content/EngineMaterials/Grid_N.uasset" 355
"../../../Engine/Content/EngineMaterials/HighResolutionScreenshotMaskFunction.uasset" 356
"../../../Engine/Content/EngineMaterials/HighResScreenshot.uasset" 357
"../../../Engine/Content/EngineMaterials/HighResScreenshotCaptureRegion.uasset" 358
"../../../Engine/Content/EngineMaterials/HighResScreenshotMask.uasset" 359
"../../../Engine/Content/EngineMaterials/LandscapeHolePhysicalMaterial.uasset" 360
"../../../Engine/Content/EngineMaterials/InvalidLightmapSettings.uasset" 361
"../../../Engine/Content/EngineMaterials/M_InvalidLightmapSettings.uasset" 362
"../../../Engine/Content/EngineMaterials/PaperDiffuse.uasset" 363
"../../../Engine/Content/EngineMaterials/PaperNormal.uasset" 364
"../../../Engine/Content/Functions/Engine_MaterialFunctions02/WorldPositionOffset/CameraOffset.uasset" 365
"../../../Engine/Content/EngineMaterials/PhAT_JointLimitMaterial.uasset" 366
"../../../Engine/Content/EngineMaterials/PhysMat_Rubber.uasset" 367
"../../../Engine/Content/EngineMaterials/PreintegratedSkinBRDF.uasset" 368
"../../../Engine/Content/EngineMaterials/RemoveSurfaceMaterial.uasset" 369
"../../../Engine/Content/EngineMaterials/WeightMapPlaceholderTexture.uasset" 370
"../../../Engine/Content/EngineMaterials/Widget3DPassThrough.uasset" 371
"../../../Engine/Content/EngineMaterials/Widget3DPassThrough_Masked.uasset" 372
"../../../Engine/Content/EngineMaterials/Widget3DPassThrough_Opaque.uasset" 373
"../../../Engine/Content/EngineMaterials/Widget3DPassThrough_Masked_OneSided.uasset" 374
"../../../Engine/Content/EngineMaterials/Widget3DPassThrough_Opaque_OneSided.uasset" 375
"../../../Engine/Content/EngineMaterials/Widget3DPassThrough_Translucent.uasset" 376
"../../../Engine/Content/EngineMaterials/Widget3DPassThrough_Translucent_OneSided.uasset" 377
"../../../Engine/Content/EngineMeshes/Cube.uasset" 378
"../../../Engine/Content/EngineMeshes/Sphere.uasset" 379
"../../../Engine/Content/EngineResources/Black.uasset" 380
"../../../Engine/Content/EngineResources/DefaultTexture.uasset" 381
"../../../Engine/Content/EngineResources/DefaultTextureCube.uasset" 382
"../../../Engine/Content/EngineResources/DefaultVolumeTexture2D.uasset" 383
"../../../Engine/Content/EngineResources/DefaultVolumeTexture.uasset" 384
"../../../Engine/Content/EngineResources/GradientTexture0.uasset" 385
"../../../Engine/Content/EngineResources/StreamingPauseIcon.uasset" 386
"../../../Engine/Content/EngineResources/M_StreamingPause.uasset" 387
"../../../Engine/Content/EngineSounds/Master.uasset" 388
"../../../Engine/Content/Functions/Engine_MaterialFunctions01/Shading/PowerToRoughness.uasset" 389
"../../../Engine/Content/Maps/Entry_BuiltData.uasset" 390
"../../../Engine/Content/Maps/Templates/Thumbnails/Default.uasset" 391
"../../../Engine/Content/Maps/Templates/Thumbnails/VR-Basic.uasset" 392
"../../../Engine/Content/MobileResources/T_MobileControls_texture.uasset" 393
"../../../Engine/Content/MobileResources/T_MobileMenu2.uasset" 394
"../../../Engine/Content/MobileResources/HUD/AnalogHat.uasset" 395
"../../../Engine/Content/MobileResources/HUD/VirtualJoystick_Background.uasset" 396
"../../../Engine/Content/MobileResources/HUD/VirtualJoystick_Thumb.uasset" 397
"../../../Engine/Content/MobileResources/HUD/DefaultVirtualJoysticks.uasset" 398
"../../../Engine/Content/MobileResources/HUD/LeftVirtualJoystickOnly.uasset" 399
"../../../Engine/Content/MobileResources/HUD/MobileHUDButton1_off.uasset" 400
"../../../Engine/Content/MobileResources/HUD/MobileHUDButton1_on.uasset" 401
"../../../Engine/Content/MobileResources/HUD/MobileHUDButton2_off.uasset" 402
"../../../Engine/Content/MobileResources/HUD/MobileHUDButton2_on.uasset" 403
"../../../Engine/Content/MobileResources/HUD/MobileHUDButton3.uasset" 404
"../../../Engine/Content/MobileResources/HUD/MobileHUDButtonFire.uasset" 405
"../../../Engine/Content/MobileResources/HUD/MobileHUDDirectionPad.uasset" 406
"../../../Engine/Content/MobileResources/HUD/MobileHUDDirectionPad2.uasset" 407
"../../../Engine/Content/MobileResources/HUD/MobileHUDDirectionPad3.uasset" 408
"../../../Engine/Content/MobileResources/HUD/MobileHUDDirectionStick.uasset" 409
"../../../Engine/Content/MobileResources/HUD/T_Castle_ThumbstickInner.uasset" 410
"../../../Engine/Content/MobileResources/HUD/T_Castle_ThumbstickOutter.uasset" 411
"../../../Engine/Content/Tutorial/ContentIntroCurve.uasset" 412
"../../../Engine/Content/Tutorial/Basics/ContentBrowserOverview.uasset" 413
"../../../Engine/Content/Tutorial/Basics/FeaturePacks.uasset" 414
"../../../Engine/Content/Tutorial/Basics/LevelEditorAttract.uasset" 415
"../../../Engine/Content/Tutorial/Basics/TutorialAssets/icon_tab_Levels_40x.uasset" 416
"../../../Engine/Content/Tutorial/Basics/LevelEditorOverview.uasset" 417
"../../../Engine/Content/Tutorial/Basics/TutorialAssets/CameraActor_64x.uasset" 418
"../../../Engine/Content/Tutorial/Basics/ViewportsTutorial.uasset" 419
"../../../Engine/Content/Tutorial/BlueprintTutorials/TutorialAssets/Blueprint_64x.uasset" 420
"../../../Engine/Content/Tutorial/BlueprintTutorials/BlueprintEditorTutorial.uasset" 421
"../../../Engine/Content/Tutorial/BlueprintTutorials/TutorialAssets/BlueprintInterface_64x.uasset" 422
"../../../Engine/Content/Tutorial/BlueprintTutorials/BlueprintInterfacesEditorOverview.uasset" 423
"../../../Engine/Content/Tutorial/BlueprintTutorials/TutorialAssets/BlueprintMacroLibrary_64x.uasset" 424
"../../../Engine/Content/Tutorial/BlueprintTutorials/BlueprintMacroLibrariesEditorOverview.uasset" 425
"../../../Engine/Content/Tutorial/BlueprintTutorials/ClassBlueprintsEditorOverview.uasset" 426
"../../../Engine/Content/Tutorial/BlueprintTutorials/LevelBlueprintEditorOverview.uasset" 427
"../../../Engine/Content/EditorBlueprintResources/ActorMacros.uasset" 428
"../../../Engine/Content/Tutorial/BlueprintTutorials/TutorialAssets/Tutorial_BP_Class.uasset" 429
"../../../Engine/Content/Tutorial/BlueprintTutorials/TutorialAssets/Tutorial_BP_Interface.uasset" 430
"../../../Engine/Content/Tutorial/BlueprintTutorials/TutorialAssets/Tutorial_BP_MacroLib.uasset" 431
"../../../Engine/Content/Tutorial/Code/AddingCode.uasset" 432
"../../../Engine/Content/Tutorial/Foliage/TutorialAssets/Foliage.uasset" 433
"../../../Engine/Content/Tutorial/Foliage/FoliageWalkThrough.uasset" 434
"../../../Engine/Content/Tutorial/Foliage/Foliage_Intro_Tutorial.uasset" 435
"../../../Engine/Content/Tutorial/Foliage/Foliage_Settings_Tutorial.uasset" 436
"../../../Engine/Content/Tutorial/Foliage/Foliage_Using_The_Tool_Tutorial.uasset" 437
"../../../Engine/Content/Tutorial/Installation/InstallingVisualStudioTutorial.uasset" 438
"../../../Engine/Content/Tutorial/Installation/InstallingXCodeTutorial.uasset" 439
"../../../Engine/Content/Tutorial/InWorldBlueprintEditing/IWBE_Tutorial.uasset" 440
"../../../Engine/Content/Tutorial/InWorldBlueprintEditing/IWBE_Tutorial_Part2.uasset" 441
"../../../Engine/Content/Tutorial/InWorldBlueprintEditing/IWBE_Tutorial_Part3.uasset" 442
"../../../Engine/Content/Tutorial/InWorldBlueprintEditing/TutorialAssets/IWBE_Bridge1.uasset" 443
"../../../Engine/Content/Tutorial/InWorldBlueprintEditing/TutorialAssets/IWBE_Bridge2.uasset" 444
"../../../Engine/Content/Tutorial/Landscape/TutorialAssets/Landscape.uasset" 445
"../../../Engine/Content/Tutorial/Landscape/LandscapeWalkThrough.uasset" 446
"../../../Engine/Content/Tutorial/Landscape/Landscape_Manage_Mode.uasset" 447
"../../../Engine/Content/Tutorial/Landscape/Landscape_Painting_Mode.uasset" 448
"../../../Engine/Content/Tutorial/Landscape/Landscape_Sculpt_Mode.uasset" 449
"../../../Engine/Content/Tutorial/Mobile/TutorialAssets/IOS.uasset" 450
"../../../Engine/Content/Tutorial/Mobile/CreatingSigningCertAndProvisionTutorial.uasset" 451
"../../../Engine/Content/Tutorial/Mobile/InstallingiTunesTutorial.uasset" 452
"../../../Engine/Content/Tutorial/Mobile/TutorialAssets/android_Icon.uasset" 453
"../../../Engine/Content/Tutorial/Mobile/SettingUpAndroidTutorial.uasset" 454
"../../../Engine/Content/Tutorial/Mobile/SettingUpLuminTutorial.uasset" 455
"../../../Engine/Content/Tutorial/Paper2D/TutorialAssets/Paper2DFlipbook_TutorialIcon.uasset" 456
"../../../Engine/Content/Tutorial/Paper2D/FlipbookEditorTutorial.uasset" 457
"../../../Engine/Content/Tutorial/Paper2D/TutorialAssets/Paper2DSprite_TutorialIcon.uasset" 458
"../../../Engine/Content/Tutorial/Paper2D/SpriteEditorTutorial.uasset" 459
"../../../Engine/Content/Tutorial/SubEditors/GettingSubstance.uasset" 460
"../../../Engine/Content/Tutorial/SubEditors/MaterialEditorTutorial.uasset" 461
"../../../Engine/Content/Tutorial/SubEditors/ParticleSystemEditorTutorial.uasset" 462
"../../../Engine/Content/Tutorial/SubEditors/TutorialAssets/icon_ShowSkeletalMeshes_40x.uasset" 463
"../../../Engine/Content/Tutorial/SubEditors/PersonaAnimBlueprintEditorWalkthrough.uasset" 464
"../../../Engine/Content/Tutorial/SubEditors/PersonaAnimEditorWalkthrough.uasset" 465
"../../../Engine/Content/Tutorial/SubEditors/PersonaWalkthrough.uasset" 466
"../../../Engine/Content/Tutorial/SubEditors/SkeletalMeshEditorWalkthrough.uasset" 467
"../../../Engine/Content/Tutorial/SubEditors/SkeletonModeWalkthrough.uasset" 468
"../../../Engine/Content/Tutorial/SubEditors/StaticMeshEditorTutorial.uasset" 469
"../../../Engine/Content/Tutorial/SubEditors/TutorialAssets/icon_Editor_Preferences_General_40x.uasset" 470
"../../../Engine/Content/Tutorial/SubEditors/TutorialAssets/TutorialMaterial.uasset" 471
"../../../Engine/Content/Tutorial/SubEditors/TutorialAssets/T_SmokeSubUV_8X8.uasset" 472
"../../../Engine/Content/Tutorial/SubEditors/TutorialAssets/T_soft_smoke.uasset" 473
"../../../Engine/Content/Tutorial/SubEditors/TutorialAssets/M_smoke_subUV_blackbody.uasset" 474
"../../../Engine/Content/Tutorial/SubEditors/TutorialAssets/TutorialParticleSystem.uasset" 475
"../../../Engine/Content/VREditor/LaserPointer/VR_LaserPower_01.uasset" 476
"../../../Engine/Content/VREditor/TransformGizmo/TransformGizmoMaterial.uasset" 477
"../../../Engine/Content/VREditor/TransformGizmo/TranslucentTransformGizmoMaterial.uasset" 478
"../../../Engine/Content/VREditor/TransformGizmo/BoundingBoxCorner.uasset" 479
"../../../Engine/Content/VREditor/TransformGizmo/BoundingBoxEdge.uasset" 480
"../../../Engine/Content/VREditor/TransformGizmo/PlaneTranslationHandle.uasset" 481
"../../../Engine/Content/VREditor/TransformGizmo/Main.uasset" 482
"../../../Engine/Content/VREditor/TransformGizmo/Xray.uasset" 483
"../../../Engine/Content/VREditor/TransformGizmo/SM_Sequencer_Key.uasset" 484
"../../../Engine/Content/VREditor/TransformGizmo/SM_Sequencer_Node.uasset" 485
"../../Plugins/2D/Paper2D/Content/PlaceholderTextures/DummySpriteTexture.uasset" 486
"../../Plugins/2D/Paper2D/Content/DummySprite.uasset" 487
"../../Plugins/2D/Paper2D/Content/DefaultPaperTerrainMaterial.uasset" 488
"../../Plugins/2D/Paper2D/Content/DefaultSpriteMaterial.uasset" 489
"../../Plugins/2D/Paper2D/Content/MaskedUnlitSpriteMaterial.uasset" 490
"../../Plugins/2D/Paper2D/Content/OpaqueUnlitSpriteMaterial.uasset" 491
"../../Plugins/Enterprise/DatasmithContent/Content/Blueprints/FBXImporter/ArrayOfActor.uasset" 492
"../../Plugins/Enterprise/DatasmithContent/Content/Blueprints/FBXImporter/ArrayOfSwitch.uasset" 493
"../../Plugins/Enterprise/DatasmithContent/Content/Blueprints/FBXImporter/BP_SceneNode.uasset" 494
"../../Plugins/Enterprise/DatasmithContent/Content/Blueprints/FBXImporter/BP_Switch.uasset" 495
"../../Plugins/Enterprise/DatasmithContent/Content/Blueprints/FBXImporter/BP_SceneRoot.uasset" 496
"../../Plugins/Enterprise/DatasmithContent/Content/Blueprints/FBXImporter/FBXImporterUtils.uasset" 497
"../../Plugins/Enterprise/DatasmithContent/Content/Blueprints/FBXImporter/Animation/DeltaGenAnimationTrackType.uasset" 498
"../../Plugins/Enterprise/DatasmithContent/Content/Blueprints/FBXImporter/Animation/VREDAnimationTrackComponent.uasset" 499
"../../Plugins/Enterprise/DatasmithContent/Content/Blueprints/FBXImporter/Animation/VREDAnimationTrackType.uasset" 500
"../../Plugins/Enterprise/DatasmithContent/Content/Blueprints/FBXImporter/Animation/VREDAnimCurveComponent.uasset" 501
"../../Plugins/Enterprise/DatasmithContent/Content/Blueprints/FBXImporter/Animation/VREDAnimCurveType.uasset" 502
"../../Plugins/Enterprise/DatasmithContent/Content/Blueprints/FBXImporter/Variants/VariantSwitchType.uasset" 503
"../../Plugins/Enterprise/DatasmithContent/Content/Blueprints/FBXImporter/Variants/VREDVariantSwitchType.uasset" 504
"../../Plugins/Enterprise/DatasmithContent/Content/Blueprints/FBXImporter/Variants/VREDVariantType.uasset" 505
"../../Plugins/Runtime/Oculus/OculusVR/Content/OculusMR_RenderTarget.uasset" 506
"../../../Engine/Content/Functions/Engine_MaterialFunctions02/Utility/BreakOutFloat4Components.uasset" 507
"../../Plugins/Runtime/Oculus/OculusVR/Content/Materials/OculusMR_ChromaKey.uasset" 508
"../../Plugins/Runtime/Oculus/OculusVR/Content/Materials/OculusMR_ChromaKey_Lit.uasset" 509
"../../Plugins/Runtime/Oculus/OculusVR/Content/Materials/OculusMR_OpaqueColoredMaterial.uasset" 510
"../../Plugins/Runtime/Oculus/OculusVR/Content/Materials/OculusMR_WhiteMaterial.uasset" 511
"C:/Users/Simeon/Documents/Unreal Projects/Homework3/Content/StarterContent/Materials/M_AssetPlatform.uasset" 512
"C:/Users/Simeon/Documents/Unreal Projects/Homework3/Content/StarterContent/Architecture/SM_AssetPlatform.uasset" 513
"C:/Users/Simeon/Documents/Unreal Projects/Homework3/Content/StarterContent/Materials/M_Basic_Wall.uasset" 514
"C:/Users/Simeon/Documents/Unreal Projects/Homework3/Content/StarterContent/Architecture/Wall_400x200.uasset" 515
"C:/Users/Simeon/Documents/Unreal Projects/Homework3/Content/StarterContent/Architecture/Wall_Door_400x300.uasset" 516
"C:/Users/Simeon/Documents/Unreal Projects/Homework3/Content/StarterContent/Architecture/Wall_Window_400x300.uasset" 517
"C:/Users/Simeon/Documents/Unreal Projects/Homework3/Content/StarterContent/Audio/Collapse01.uasset" 518
"C:/Users/Simeon/Documents/Unreal Projects/Homework3/Content/StarterContent/Audio/Collapse02.uasset" 519
"C:/Users/Simeon/Documents/Unreal Projects/Homework3/Content/StarterContent/Audio/Collapse_Cue.uasset" 520
"C:/Users/Simeon/Documents/Unreal Projects/Homework3/Content/StarterContent/Audio/Fire01.uasset" 521
"C:/Users/Simeon/Documents/Unreal Projects/Homework3/Content/StarterContent/Audio/Fire_Sparks01.uasset" 522
"C:/Users/Simeon/Documents/Unreal Projects/Homework3/Content/StarterContent/Audio/Smoke01.uasset" 523
"C:/Users/Simeon/Documents/Unreal Projects/Homework3/Content/StarterContent/Audio/Starter_Birds01.uasset" 524
"C:/Users/Simeon/Documents/Unreal Projects/Homework3/Content/StarterContent/Audio/Starter_Music01.uasset" 525
"C:/Users/Simeon/Documents/Unreal Projects/Homework3/Content/StarterContent/Audio/Starter_Music_Cue.uasset" 526
"C:/Users/Simeon/Documents/Unreal Projects/Homework3/Content/StarterContent/Audio/Starter_Wind05.uasset" 527
"C:/Users/Simeon/Documents/Unreal Projects/Homework3/Content/StarterContent/Audio/Starter_Wind06.uasset" 528
"C:/Users/Simeon/Documents/Unreal Projects/Homework3/Content/StarterContent/Audio/Steam01.uasset" 529
"C:/Users/Simeon/Documents/Unreal Projects/Homework3/Content/StarterContent/Textures/T_Lamp_M.uasset" 530
"C:/Users/Simeon/Documents/Unreal Projects/Homework3/Content/StarterContent/Textures/T_Lamp_N.uasset" 531
"C:/Users/Simeon/Documents/Unreal Projects/Homework3/Content/StarterContent/Props/Materials/M_Lamp.uasset" 532
"C:/Users/Simeon/Documents/Unreal Projects/Homework3/Content/StarterContent/Props/SM_Lamp_Ceiling.uasset" 533
"C:/Users/Simeon/Documents/Unreal Projects/Homework3/Content/StarterContent/Blueprints/Blueprint_CeilingLight.uasset" 534
"C:/Users/Simeon/Documents/Unreal Projects/Homework3/Content/StarterContent/Audio/Fire01_Cue.uasset" 535
"C:/Users/Simeon/Documents/Unreal Projects/Homework3/Content/StarterContent/Textures/T_Fire_SubUV.uasset" 536
"C:/Users/Simeon/Documents/Unreal Projects/Homework3/Content/StarterContent/Textures/T_Fire_Tiled_D.uasset" 537
"C:/Users/Simeon/Documents/Unreal Projects/Homework3/Content/StarterContent/Particles/Materials/M_Fire_SubUV.uasset" 538
"C:/Users/Simeon/Documents/Unreal Projects/Homework3/Content/StarterContent/Textures/T_Water_N.uasset" 539
"C:/Users/Simeon/Documents/Unreal Projects/Homework3/Content/StarterContent/Particles/Materials/M_Heat_Distortion.uasset" 540
"C:/Users/Simeon/Documents/Unreal Projects/Homework3/Content/StarterContent/Particles/Materials/M_Radial_Gradient.uasset" 541
"C:/Users/Simeon/Documents/Unreal Projects/Homework3/Content/StarterContent/Textures/T_Smoke_SubUV.uasset" 542
"C:/Users/Simeon/Documents/Unreal Projects/Homework3/Content/StarterContent/Textures/T_Smoke_Tiled_D.uasset" 543
"C:/Users/Simeon/Documents/Unreal Projects/Homework3/Content/StarterContent/Particles/Materials/M_smoke_subUV.uasset" 544
"C:/Users/Simeon/Documents/Unreal Projects/Homework3/Content/StarterContent/Particles/P_Fire.uasset" 545
"C:/Users/Simeon/Documents/Unreal Projects/Homework3/Content/StarterContent/Blueprints/Blueprint_Effect_Fire.uasset" 546
"C:/Users/Simeon/Documents/Unreal Projects/Homework3/Content/StarterContent/Audio/Smoke01_Cue.uasset" 547
"C:/Users/Simeon/Documents/Unreal Projects/Homework3/Content/StarterContent/Particles/P_Smoke.uasset" 548
"C:/Users/Simeon/Documents/Unreal Projects/Homework3/Content/StarterContent/Blueprints/Blueprint_Effect_Smoke.uasset" 549
"C:/Users/Simeon/Documents/Unreal Projects/Homework3/Content/StarterContent/Audio/Fire_Sparks01_Cue.uasset" 550
"C:/Users/Simeon/Documents/Unreal Projects/Homework3/Content/StarterContent/Textures/T_Spark_Core.uasset" 551
"C:/Users/Simeon/Documents/Unreal Projects/Homework3/Content/StarterContent/Particles/Materials/M_Spark.uasset" 552
"C:/Users/Simeon/Documents/Unreal Projects/Homework3/Content/StarterContent/Particles/P_Sparks.uasset" 553
"C:/Users/Simeon/Documents/Unreal Projects/Homework3/Content/StarterContent/Blueprints/Blueprint_Effect_Sparks.uasset" 554
"C:/Users/Simeon/Documents/Unreal Projects/Homework3/Content/StarterContent/Audio/Steam01_Cue.uasset" 555
"C:/Users/Simeon/Documents/Unreal Projects/Homework3/Content/StarterContent/Particles/P_Steam_Lit.uasset" 556
"C:/Users/Simeon/Documents/Unreal Projects/Homework3/Content/StarterContent/Blueprints/Blueprint_Effect_Steam.uasset" 557
"C:/Users/Simeon/Documents/Unreal Projects/Homework3/Content/StarterContent/Props/SM_Lamp_Wall.uasset" 558
"C:/Users/Simeon/Documents/Unreal Projects/Homework3/Content/StarterContent/Blueprints/Blueprint_WallSconce.uasset" 559
"C:/Users/Simeon/Documents/Unreal Projects/Homework3/Content/StarterContent/Blueprints/Assets/FogBrightnessLUT.uasset" 560
"C:/Users/Simeon/Documents/Unreal Projects/Homework3/Content/StarterContent/Blueprints/Assets/SunlightColorLUT.uasset" 561
"C:/Users/Simeon/Documents/Unreal Projects/Homework3/Content/StarterContent/Blueprints/Assets/M_LightStage_Arrows.uasset" 562
"../../../Engine/Content/MapTemplates/Sky/DaylightAmbientCubemap.uasset" 563
"C:/Users/Simeon/Documents/Unreal Projects/Homework3/Content/StarterContent/Blueprints/Assets/M_LightStage_Skybox_Master.uasset" 564
"C:/Users/Simeon/Documents/Unreal Projects/Homework3/Content/StarterContent/Blueprints/Assets/M_LightStage_Skybox_Black.uasset" 565
"C:/Users/Simeon/Documents/Unreal Projects/Homework3/Content/StarterContent/Blueprints/Assets/M_LightStage_Skybox_HDRI.uasset" 566
"C:/Users/Simeon/Documents/Unreal Projects/Homework3/Content/StarterContent/Blueprints/Assets/Skybox.uasset" 567
"C:/Users/Simeon/Documents/Unreal Projects/Homework3/Content/StarterContent/Blueprints/Assets/SM_Arrows.uasset" 568
"C:/Users/Simeon/Documents/Unreal Projects/Homework3/Content/StarterContent/HDRI/HDRI_Epic_Courtyard_Daylight.uasset" 569
"C:/Users/Simeon/Documents/Unreal Projects/Homework3/Content/StarterContent/Blueprints/BP_LightStudio.uasset" 570
"C:/Users/Simeon/Documents/Unreal Projects/Homework3/Content/StarterContent/Maps/Advanced_Lighting_BuiltData.uasset" 571
"C:/Users/Simeon/Documents/Unreal Projects/Homework3/Content/StarterContent/Maps/StarterMap_BuiltData.uasset" 572
"C:/Users/Simeon/Documents/Unreal Projects/Homework3/Content/StarterContent/Textures/T_Brick_Clay_Beveled_D.uasset" 573
"C:/Users/Simeon/Documents/Unreal Projects/Homework3/Content/StarterContent/Textures/T_Brick_Clay_Beveled_M.uasset" 574
"C:/Users/Simeon/Documents/Unreal Projects/Homework3/Content/StarterContent/Textures/T_Brick_Clay_Beveled_N.uasset" 575
"C:/Users/Simeon/Documents/Unreal Projects/Homework3/Content/StarterContent/Textures/T_MacroVariation.uasset" 576
"C:/Users/Simeon/Documents/Unreal Projects/Homework3/Content/StarterContent/Materials/M_Brick_Clay_Beveled.uasset" 577
"C:/Users/Simeon/Documents/Unreal Projects/Homework3/Content/StarterContent/Textures/T_Brick_Clay_New_D.uasset" 578
"C:/Users/Simeon/Documents/Unreal Projects/Homework3/Content/StarterContent/Textures/T_Brick_Clay_New_M.uasset" 579
"C:/Users/Simeon/Documents/Unreal Projects/Homework3/Content/StarterContent/Textures/T_Brick_Clay_New_N.uasset" 580
"C:/Users/Simeon/Documents/Unreal Projects/Homework3/Content/StarterContent/Textures/T_Detail_Rocky_N.uasset" 581
"C:/Users/Simeon/Documents/Unreal Projects/Homework3/Content/StarterContent/Materials/M_Brick_Clay_New.uasset" 582
"C:/Users/Simeon/Documents/Unreal Projects/Homework3/Content/StarterContent/Textures/T_Brick_Clay_Old_D.uasset" 583
"C:/Users/Simeon/Documents/Unreal Projects/Homework3/Content/StarterContent/Textures/T_Brick_Clay_Old_N.uasset" 584
"C:/Users/Simeon/Documents/Unreal Projects/Homework3/Content/StarterContent/Textures/T_Perlin_Noise_M.uasset" 585
"C:/Users/Simeon/Documents/Unreal Projects/Homework3/Content/StarterContent/Materials/M_Brick_Clay_Old.uasset" 586
"C:/Users/Simeon/Documents/Unreal Projects/Homework3/Content/StarterContent/Textures/T_Brick_Cut_Stone_D.uasset" 587
"C:/Users/Simeon/Documents/Unreal Projects/Homework3/Content/StarterContent/Textures/T_Brick_Cut_Stone_N.uasset" 588
"C:/Users/Simeon/Documents/Unreal Projects/Homework3/Content/StarterContent/Materials/M_Brick_Cut_Stone.uasset" 589
"C:/Users/Simeon/Documents/Unreal Projects/Homework3/Content/StarterContent/Textures/T_Brick_Hewn_Stone_D.uasset" 590
"C:/Users/Simeon/Documents/Unreal Projects/Homework3/Content/StarterContent/Textures/T_Brick_Hewn_Stone_M.uasset" 591
"C:/Users/Simeon/Documents/Unreal Projects/Homework3/Content/StarterContent/Textures/T_Brick_Hewn_Stone_N.uasset" 592
"C:/Users/Simeon/Documents/Unreal Projects/Homework3/Content/StarterContent/Materials/M_Brick_Hewn_Stone.uasset" 593
"C:/Users/Simeon/Documents/Unreal Projects/Homework3/Content/StarterContent/Textures/T_Ceramic_Tile_M.uasset" 594
"C:/Users/Simeon/Documents/Unreal Projects/Homework3/Content/StarterContent/Textures/T_Ceramic_Tile_N.uasset" 595
"C:/Users/Simeon/Documents/Unreal Projects/Homework3/Content/StarterContent/Textures/T_Rock_Marble_Polished_D.uasset" 596
"C:/Users/Simeon/Documents/Unreal Projects/Homework3/Content/StarterContent/Materials/M_Ceramic_Tile_Checker.uasset" 597
"C:/Users/Simeon/Documents/Unreal Projects/Homework3/Content/StarterContent/Textures/T_CobbleStone_Pebble_D.uasset" 598
"C:/Users/Simeon/Documents/Unreal Projects/Homework3/Content/StarterContent/Textures/T_CobbleStone_Pebble_M.uasset" 599
"C:/Users/Simeon/Documents/Unreal Projects/Homework3/Content/StarterContent/Textures/T_CobbleStone_Pebble_N.uasset" 600
"C:/Users/Simeon/Documents/Unreal Projects/Homework3/Content/StarterContent/Materials/M_CobbleStone_Pebble.uasset" 601
"C:/Users/Simeon/Documents/Unreal Projects/Homework3/Content/StarterContent/Textures/T_CobbleStone_Rough_D.uasset" 602
"C:/Users/Simeon/Documents/Unreal Projects/Homework3/Content/StarterContent/Textures/T_CobbleStone_Rough_N.uasset" 603
"C:/Users/Simeon/Documents/Unreal Projects/Homework3/Content/StarterContent/Textures/T_Gradinet_01.uasset" 604
"C:/Users/Simeon/Documents/Unreal Projects/Homework3/Content/StarterContent/Textures/T_Rock_Smooth_Granite_D.uasset" 605
"C:/Users/Simeon/Documents/Unreal Projects/Homework3/Content/StarterContent/Materials/M_CobbleStone_Rough.uasset" 606
"C:/Users/Simeon/Documents/Unreal Projects/Homework3/Content/StarterContent/Textures/T_CobbleStone_Smooth_D.uasset" 607
"C:/Users/Simeon/Documents/Unreal Projects/Homework3/Content/StarterContent/Textures/T_CobbleStone_Smooth_M.uasset" 608
"C:/Users/Simeon/Documents/Unreal Projects/Homework3/Content/StarterContent/Textures/T_CobbleStone_Smooth_N.uasset" 609
"C:/Users/Simeon/Documents/Unreal Projects/Homework3/Content/StarterContent/Materials/M_CobbleStone_Smooth.uasset" 610
"C:/Users/Simeon/Documents/Unreal Projects/Homework3/Content/StarterContent/Textures/T_Concrete_Grime_D.uasset" 611
"C:/Users/Simeon/Documents/Unreal Projects/Homework3/Content/StarterContent/Textures/T_Metal_Rust_N.uasset" 612
"C:/Users/Simeon/Documents/Unreal Projects/Homework3/Content/StarterContent/Materials/M_Concrete_Grime.uasset" 613
"C:/Users/Simeon/Documents/Unreal Projects/Homework3/Content/StarterContent/Textures/T_Concrete_Panels_D.uasset" 614
"C:/Users/Simeon/Documents/Unreal Projects/Homework3/Content/StarterContent/Textures/T_Concrete_Panels_N.uasset" 615
"C:/Users/Simeon/Documents/Unreal Projects/Homework3/Content/StarterContent/Materials/M_Concrete_Panels.uasset" 616
"C:/Users/Simeon/Documents/Unreal Projects/Homework3/Content/StarterContent/Textures/T_Concrete_Poured_D.uasset" 617
"C:/Users/Simeon/Documents/Unreal Projects/Homework3/Content/StarterContent/Textures/T_Concrete_Poured_N.uasset" 618
"C:/Users/Simeon/Documents/Unreal Projects/Homework3/Content/StarterContent/Materials/M_Concrete_Poured.uasset" 619
"C:/Users/Simeon/Documents/Unreal Projects/Homework3/Content/StarterContent/Textures/T_Concrete_Tiles_D.uasset" 620
"C:/Users/Simeon/Documents/Unreal Projects/Homework3/Content/StarterContent/Textures/T_Concrete_Tiles_M.uasset" 621
"C:/Users/Simeon/Documents/Unreal Projects/Homework3/Content/StarterContent/Textures/T_Concrete_Tiles_N.uasset" 622
"C:/Users/Simeon/Documents/Unreal Projects/Homework3/Content/StarterContent/Textures/T_Concrete_Tiles_Variation_M.uasset" 623
"C:/Users/Simeon/Documents/Unreal Projects/Homework3/Content/StarterContent/Materials/M_Concrete_Tiles.uasset" 624
"C:/Users/Simeon/Documents/Unreal Projects/Homework3/Content/StarterContent/Textures/T_Ground_Grass_D.uasset" 625
"C:/Users/Simeon/Documents/Unreal Projects/Homework3/Content/StarterContent/Textures/T_Ground_Grass_N.uasset" 626
"C:/Users/Simeon/Documents/Unreal Projects/Homework3/Content/StarterContent/Materials/M_Ground_Grass.uasset" 627
"C:/Users/Simeon/Documents/Unreal Projects/Homework3/Content/StarterContent/Textures/T_Ground_Gravel_D.uasset" 628
"C:/Users/Simeon/Documents/Unreal Projects/Homework3/Content/StarterContent/Textures/T_Ground_Gravel_N.uasset" 629
"C:/Users/Simeon/Documents/Unreal Projects/Homework3/Content/StarterContent/Materials/M_Ground_Gravel.uasset" 630
"C:/Users/Simeon/Documents/Unreal Projects/Homework3/Content/StarterContent/Textures/T_ground_Moss_D.uasset" 631
"C:/Users/Simeon/Documents/Unreal Projects/Homework3/Content/StarterContent/Textures/T_Ground_Moss_N.uasset" 632
"C:/Users/Simeon/Documents/Unreal Projects/Homework3/Content/StarterContent/Materials/M_Ground_Moss.uasset" 633
"C:/Users/Simeon/Documents/Unreal Projects/Homework3/Content/StarterContent/Materials/M_Metal_Chrome.uasset" 634
"C:/Users/Simeon/Documents/Unreal Projects/Homework3/Content/StarterContent/Textures/T_Metal_Gold_D.uasset" 635
"C:/Users/Simeon/Documents/Unreal Projects/Homework3/Content/StarterContent/Textures/T_Metal_Gold_N.uasset" 636
"C:/Users/Simeon/Documents/Unreal Projects/Homework3/Content/StarterContent/Materials/M_Metal_Gold.uasset" 637
"../../../Engine/Content/Functions/Engine_MaterialFunctions02/Utility/BlendAngleCorrectedNormals.uasset" 638
"C:/Users/Simeon/Documents/Unreal Projects/Homework3/Content/StarterContent/Textures/T_Metal_Rust_D.uasset" 639
"C:/Users/Simeon/Documents/Unreal Projects/Homework3/Content/StarterContent/Materials/M_Metal_Rust.uasset" 640
"C:/Users/Simeon/Documents/Unreal Projects/Homework3/Content/StarterContent/Textures/T_Metal_Steel_D.uasset" 641
"C:/Users/Simeon/Documents/Unreal Projects/Homework3/Content/StarterContent/Textures/T_Metal_Steel_N.uasset" 642
"C:/Users/Simeon/Documents/Unreal Projects/Homework3/Content/StarterContent/Materials/M_Metal_Steel.uasset" 643
"C:/Users/Simeon/Documents/Unreal Projects/Homework3/Content/StarterContent/Textures/T_Rock_Basalt_D.uasset" 644
"C:/Users/Simeon/Documents/Unreal Projects/Homework3/Content/StarterContent/Textures/T_Rock_Basalt_N.uasset" 645
"C:/Users/Simeon/Documents/Unreal Projects/Homework3/Content/StarterContent/Materials/M_Rock_Basalt.uasset" 646
"C:/Users/Simeon/Documents/Unreal Projects/Homework3/Content/StarterContent/Materials/M_Rock_Marble_Polished.uasset" 647
"C:/Users/Simeon/Documents/Unreal Projects/Homework3/Content/StarterContent/Textures/T_Rock_Sandstone_D.uasset" 648
"C:/Users/Simeon/Documents/Unreal Projects/Homework3/Content/StarterContent/Textures/T_Rock_Sandstone_N.uasset" 649
"C:/Users/Simeon/Documents/Unreal Projects/Homework3/Content/StarterContent/Materials/M_Rock_Sandstone.uasset" 650
"C:/Users/Simeon/Documents/Unreal Projects/Homework3/Content/StarterContent/Textures/T_Rock_Slate_D.uasset" 651
"C:/Users/Simeon/Documents/Unreal Projects/Homework3/Content/StarterContent/Textures/T_Rock_Slate_N.uasset" 652
"C:/Users/Simeon/Documents/Unreal Projects/Homework3/Content/StarterContent/Materials/M_Rock_Slate.uasset" 653
"C:/Users/Simeon/Documents/Unreal Projects/Homework3/Content/StarterContent/Textures/T_Checker_Noise_M.uasset" 654
"C:/Users/Simeon/Documents/Unreal Projects/Homework3/Content/StarterContent/Textures/T_Single_Tile_N.uasset" 655
"C:/Users/Simeon/Documents/Unreal Projects/Homework3/Content/StarterContent/Textures/T_Tech_Dot_M.uasset" 656
"C:/Users/Simeon/Documents/Unreal Projects/Homework3/Content/StarterContent/Textures/T_Tech_Dot_N.uasset" 657
"C:/Users/Simeon/Documents/Unreal Projects/Homework3/Content/StarterContent/Materials/M_Tech_Checker_Dot.uasset" 658
"C:/Users/Simeon/Documents/Unreal Projects/Homework3/Content/StarterContent/Textures/T_Tech_Hex_Tile_M.uasset" 659
"C:/Users/Simeon/Documents/Unreal Projects/Homework3/Content/StarterContent/Textures/T_Tech_Hex_Tile_N.uasset" 660
"C:/Users/Simeon/Documents/Unreal Projects/Homework3/Content/StarterContent/Materials/M_Tech_Hex_Tile.uasset" 661
"C:/Users/Simeon/Documents/Unreal Projects/Homework3/Content/StarterContent/Materials/M_Tech_Hex_Tile_Pulse.uasset" 662
"C:/Users/Simeon/Documents/Unreal Projects/Homework3/Content/StarterContent/Textures/T_Tech_Panel_M.uasset" 663
"C:/Users/Simeon/Documents/Unreal Projects/Homework3/Content/StarterContent/Textures/T_Tech_Panel_N.uasset" 664
"C:/Users/Simeon/Documents/Unreal Projects/Homework3/Content/StarterContent/Materials/M_Tech_Panel.uasset" 665
"C:/Users/Simeon/Documents/Unreal Projects/Homework3/Content/StarterContent/Materials/M_Water_Lake.uasset" 666
"C:/Users/Simeon/Documents/Unreal Projects/Homework3/Content/StarterContent/Textures/T_Water_M.uasset" 667
"C:/Users/Simeon/Documents/Unreal Projects/Homework3/Content/StarterContent/Materials/M_Water_Ocean.uasset" 668
"C:/Users/Simeon/Documents/Unreal Projects/Homework3/Content/StarterContent/Textures/T_Wood_Floor_Walnut_D.uasset" 669
"C:/Users/Simeon/Documents/Unreal Projects/Homework3/Content/StarterContent/Textures/T_Wood_Floor_Walnut_M.uasset" 670
"C:/Users/Simeon/Documents/Unreal Projects/Homework3/Content/StarterContent/Textures/T_Wood_Floor_Walnut_N.uasset" 671
"C:/Users/Simeon/Documents/Unreal Projects/Homework3/Content/StarterContent/Materials/M_Wood_Floor_Walnut_Polished.uasset" 672
"../../../Engine/Content/Functions/Engine_MaterialFunctions01/Opacity/AlphaOffset.uasset" 673
"C:/Users/Simeon/Documents/Unreal Projects/Homework3/Content/StarterContent/Materials/M_Wood_Floor_Walnut_Worn.uasset" 674
"C:/Users/Simeon/Documents/Unreal Projects/Homework3/Content/StarterContent/Textures/T_Wood_Oak_D.uasset" 675
"C:/Users/Simeon/Documents/Unreal Projects/Homework3/Content/StarterContent/Textures/T_Wood_Oak_N.uasset" 676
"C:/Users/Simeon/Documents/Unreal Projects/Homework3/Content/StarterContent/Materials/M_Wood_Oak.uasset" 677
"C:/Users/Simeon/Documents/Unreal Projects/Homework3/Content/StarterContent/Textures/T_Wood_Pine_D.uasset" 678
"C:/Users/Simeon/Documents/Unreal Projects/Homework3/Content/StarterContent/Textures/T_Wood_Pine_N.uasset" 679
"C:/Users/Simeon/Documents/Unreal Projects/Homework3/Content/StarterContent/Materials/M_Wood_Pine.uasset" 680
"C:/Users/Simeon/Documents/Unreal Projects/Homework3/Content/StarterContent/Textures/T_Wood_Walnut_D.uasset" 681
"C:/Users/Simeon/Documents/Unreal Projects/Homework3/Content/StarterContent/Textures/T_Wood_Walnut_N.uasset" 682
"C:/Users/Simeon/Documents/Unreal Projects/Homework3/Content/StarterContent/Materials/M_Wood_Walnut.uasset" 683
"C:/Users/Simeon/Documents/Unreal Projects/Homework3/Content/StarterContent/Textures/T_Dust_Particle_D.uasset" 684
"C:/Users/Simeon/Documents/Unreal Projects/Homework3/Content/StarterContent/Particles/Materials/M_Dust_Particle.uasset" 685
"C:/Users/Simeon/Documents/Unreal Projects/Homework3/Content/StarterContent/Particles/P_Ambient_Dust.uasset" 686
"C:/Users/Simeon/Documents/Unreal Projects/Homework3/Content/StarterContent/Props/MaterialSphere.uasset" 687
"C:/Users/Simeon/Documents/Unreal Projects/Homework3/Content/StarterContent/Textures/T_Frame_M.uasset" 688
"C:/Users/Simeon/Documents/Unreal Projects/Homework3/Content/StarterContent/Textures/T_Frame_N.uasset" 689
"C:/Users/Simeon/Documents/Unreal Projects/Homework3/Content/StarterContent/Props/Materials/M_Frame.uasset" 690
"C:/Users/Simeon/Documents/Unreal Projects/Homework3/Content/StarterContent/Props/SM_CornerFrame.uasset" 691
"C:/Users/Simeon/Documents/Unreal Projects/Homework3/Content/StarterContent/Props/SM_DoorFrame.uasset" 692
"C:/Users/Simeon/Documents/Unreal Projects/Homework3/Content/StarterContent/Materials/M_Glass.uasset" 693
"C:/Users/Simeon/Documents/Unreal Projects/Homework3/Content/StarterContent/Props/SM_GlassWindow.uasset" 694
"C:/Users/Simeon/Documents/Unreal Projects/Homework3/Content/StarterContent/Props/SM_PillarFrame.uasset" 695
"C:/Users/Simeon/Documents/Unreal Projects/Homework3/Content/StarterContent/Props/SM_PillarFrame300.uasset" 696
"C:/Users/Simeon/Documents/Unreal Projects/Homework3/Content/StarterContent/Props/SM_WindowFrame.uasset" 697
"C:/Users/Simeon/Documents/Unreal Projects/Homework3/Content/StarterContent/Shapes/Shape_Cube.uasset" 698
"C:/Users/Simeon/Documents/Unreal Projects/Homework3/Content/StarterContent/Shapes/Shape_QuadPyramid.uasset" 699
"C:/Users/Simeon/Documents/Unreal Projects/Homework3/Content/StarterContent/Shapes/Shape_Sphere.uasset" 700
"../../../Engine/Content/EngineSky/C_Sky_Cloud_Color.uasset" 701
"../../../Engine/Content/EngineSky/C_Sky_Horizon_Color.uasset" 702
"../../../Engine/Content/EngineSky/C_Sky_Zenith_Color.uasset" 703
"../../../Engine/Content/EngineSky/T_Sky_Blue.uasset" 704
"../../../Engine/Content/EngineSky/T_Sky_Clouds_M.uasset" 705
"../../../Engine/Content/EngineSky/T_Sky_Stars.uasset" 706
"../../../Engine/Content/EngineSky/M_Sky_Panning_Clouds2.uasset" 707
"../../../Engine/Content/EngineSky/SM_SkySphere.uasset" 708
"../../../Engine/Content/EngineSky/BP_Sky_Sphere.uasset" 709
"C:/Users/Simeon/Documents/Unreal Projects/Homework3/Content/StarterContent/Maps/Minimal_Default_BuiltData.uasset" 710
"C:/Users/Simeon/Documents/Unreal Projects/Homework3/Content/StarterContent/Materials/M_Metal_Brushed_Nickel.uasset" 711
"C:/Users/Simeon/Documents/Unreal Projects/Homework3/Content/StarterContent/Textures/T_Metal_Aluminum_D.uasset" 712
"C:/Users/Simeon/Documents/Unreal Projects/Homework3/Content/StarterContent/Materials/M_Metal_Burnished_Steel.uasset" 713
"C:/Users/Simeon/Documents/Unreal Projects/Homework3/Content/StarterContent/Textures/T_Metal_Copper_D.uasset" 714
"C:/Users/Simeon/Documents/Unreal Projects/Homework3/Content/StarterContent/Materials/M_Metal_Copper.uasset" 715
"C:/Users/Simeon/Documents/Unreal Projects/Homework3/Content/StarterContent/Textures/T_Chair_M.uasset" 716
"C:/Users/Simeon/Documents/Unreal Projects/Homework3/Content/StarterContent/Textures/T_Chair_N.uasset" 717
"C:/Users/Simeon/Documents/Unreal Projects/Homework3/Content/StarterContent/Props/Materials/M_Chair.uasset" 718
"C:/Users/Simeon/Documents/Unreal Projects/Homework3/Content/StarterContent/Textures/T_Statue_M.uasset" 719
"C:/Users/Simeon/Documents/Unreal Projects/Homework3/Content/StarterContent/Textures/T_Statue_N.uasset" 720
"C:/Users/Simeon/Documents/Unreal Projects/Homework3/Content/StarterContent/Props/Materials/M_StatueGlass.uasset" 721
"C:/Users/Simeon/Documents/Unreal Projects/Homework3/Content/StarterContent/Materials/M_Basic_Floor.uasset" 722
"C:/Users/Simeon/Documents/Unreal Projects/Homework3/Content/StarterContent/Architecture/Floor_400x400.uasset" 723
"C:/Users/Simeon/Documents/Unreal Projects/Homework3/Content/StarterContent/Audio/Starter_Background_Cue.uasset" 724
"C:/Users/Simeon/Documents/Unreal Projects/Homework3/Content/StarterContent/Props/SM_Chair.uasset" 725
"C:/Users/Simeon/Documents/Unreal Projects/Homework3/Content/StarterContent/Props/Materials/M_Statue.uasset" 726
"C:/Users/Simeon/Documents/Unreal Projects/Homework3/Content/StarterContent/Props/SM_Statue.uasset" 727
"C:/Users/Simeon/Documents/Unreal Projects/Homework3/Content/StarterContent/Textures/T_TableRound_M.uasset" 728
"C:/Users/Simeon/Documents/Unreal Projects/Homework3/Content/StarterContent/Textures/T_TableRound_N.uasset" 729
"C:/Users/Simeon/Documents/Unreal Projects/Homework3/Content/StarterContent/Props/Materials/M_TableRound.uasset" 730
"C:/Users/Simeon/Documents/Unreal Projects/Homework3/Content/StarterContent/Props/SM_TableRound.uasset" 731
"C:/Users/Simeon/Documents/Unreal Projects/Homework3/Content/StarterContent/Maps/Minimal_Default.umap" 732
"../../../Engine/Content/EngineMeshes/Cylinder.uasset" 733
"C:/Users/Simeon/Documents/Unreal Projects/Homework3/Content/Blueprints/BP_pizza.uasset" 734
"C:/Users/Simeon/Documents/Unreal Projects/Homework3/Content/Blueprints/BP_pizzagamemode.uasset" 735
"C:/Users/Simeon/Documents/Unreal Projects/Homework3/Content/PizzaGame_BuiltData.uasset" 736
"../../../Engine/Content/MapTemplates/SM_Template_Map_Floor.uasset" 737
"C:/Users/Simeon/Documents/Unreal Projects/Homework3/Content/PizzaGame.umap" 738
